<?xml version="1.0" encoding="UTF-8"?>
<testsuite xmlns:xsi="http://www.w3.org/2001/XMLSchema-instance" xsi:noNamespaceSchemaLocation="https://maven.apache.org/surefire/maven-surefire-plugin/xsd/surefire-test-report.xsd" name="de.openknowledge.ReadClientTest" time="17.461" tests="1" errors="0" skipped="0" failures="0">
  <properties>
    <property name="java.specification.version" value="18"/>
    <property name="sun.jnu.encoding" value="UTF-8"/>
    <property name="java.class.path" value="/Users/jimmy.dang/Desktop/ServletProjekt/servletProject/application/target/test-classes:/Users/jimmy.dang/Desktop/ServletProjekt/servletProject/application/target/classes:/Users/jimmy.dang/Desktop/ServletProjekt/servletProject/domain/target/servletProject_domain.jar:/Users/jimmy.dang/.m2/repository/junit/junit/4.13.2/junit-4.13.2.jar:/Users/jimmy.dang/.m2/repository/org/hamcrest/hamcrest-core/1.3/hamcrest-core-1.3.jar:/Users/jimmy.dang/.m2/repository/org/eclipse/paho/org.eclipse.paho.client.mqttv3/1.2.0/org.eclipse.paho.client.mqttv3-1.2.0.jar:/Users/jimmy.dang/.m2/repository/org/eclipse/jetty/jetty-server/9.4.27.v20200227/jetty-server-9.4.27.v20200227.jar:/Users/jimmy.dang/.m2/repository/javax/servlet/javax.servlet-api/3.1.0/javax.servlet-api-3.1.0.jar:/Users/jimmy.dang/.m2/repository/org/eclipse/jetty/jetty-http/9.4.27.v20200227/jetty-http-9.4.27.v20200227.jar:/Users/jimmy.dang/.m2/repository/org/eclipse/jetty/jetty-io/9.4.27.v20200227/jetty-io-9.4.27.v20200227.jar:/Users/jimmy.dang/.m2/repository/org/eclipse/jetty/jetty-servlet/9.4.27.v20200227/jetty-servlet-9.4.27.v20200227.jar:/Users/jimmy.dang/.m2/repository/org/eclipse/jetty/jetty-security/9.4.27.v20200227/jetty-security-9.4.27.v20200227.jar:/Users/jimmy.dang/.m2/repository/org/eclipse/jetty/jetty-webapp/9.4.27.v20200227/jetty-webapp-9.4.27.v20200227.jar:/Users/jimmy.dang/.m2/repository/org/eclipse/jetty/jetty-xml/9.4.27.v20200227/jetty-xml-9.4.27.v20200227.jar:/Users/jimmy.dang/.m2/repository/org/apache/httpcomponents/httpclient/4.5.2/httpclient-4.5.2.jar:/Users/jimmy.dang/.m2/repository/org/apache/httpcomponents/httpcore/4.4.4/httpcore-4.4.4.jar:/Users/jimmy.dang/.m2/repository/commons-logging/commons-logging/1.2/commons-logging-1.2.jar:/Users/jimmy.dang/.m2/repository/commons-codec/commons-codec/1.9/commons-codec-1.9.jar:/Users/jimmy.dang/.m2/repository/commons-io/commons-io/2.6/commons-io-2.6.jar:/Users/jimmy.dang/.m2/repository/io/netty/netty-all/4.1.20.Final/netty-all-4.1.20.Final.jar:/Users/jimmy.dang/.m2/repository/org/apache/tomcat/tomcat-catalina/8.5.24/tomcat-catalina-8.5.24.jar:/Users/jimmy.dang/.m2/repository/org/apache/tomcat/tomcat-servlet-api/8.5.24/tomcat-servlet-api-8.5.24.jar:/Users/jimmy.dang/.m2/repository/org/apache/tomcat/tomcat-jsp-api/8.5.24/tomcat-jsp-api-8.5.24.jar:/Users/jimmy.dang/.m2/repository/org/apache/tomcat/tomcat-el-api/8.5.24/tomcat-el-api-8.5.24.jar:/Users/jimmy.dang/.m2/repository/org/apache/tomcat/tomcat-juli/8.5.24/tomcat-juli-8.5.24.jar:/Users/jimmy.dang/.m2/repository/org/apache/tomcat/tomcat-annotations-api/8.5.24/tomcat-annotations-api-8.5.24.jar:/Users/jimmy.dang/.m2/repository/org/apache/tomcat/tomcat-api/8.5.24/tomcat-api-8.5.24.jar:/Users/jimmy.dang/.m2/repository/org/apache/tomcat/tomcat-jni/8.5.24/tomcat-jni-8.5.24.jar:/Users/jimmy.dang/.m2/repository/org/apache/tomcat/tomcat-coyote/8.5.24/tomcat-coyote-8.5.24.jar:/Users/jimmy.dang/.m2/repository/org/apache/tomcat/tomcat-util/8.5.24/tomcat-util-8.5.24.jar:/Users/jimmy.dang/.m2/repository/org/apache/tomcat/tomcat-util-scan/8.5.24/tomcat-util-scan-8.5.24.jar:/Users/jimmy.dang/.m2/repository/org/apache/tomcat/tomcat-jaspic-api/8.5.24/tomcat-jaspic-api-8.5.24.jar:/Users/jimmy.dang/.m2/repository/org/igniterealtime/smack/smack-tcp/4.3.1/smack-tcp-4.3.1.jar:/Users/jimmy.dang/.m2/repository/org/igniterealtime/smack/smack-core/4.3.1/smack-core-4.3.1.jar:/Users/jimmy.dang/.m2/repository/xpp3/xpp3/1.1.4c/xpp3-1.1.4c.jar:/Users/jimmy.dang/.m2/repository/org/jxmpp/jxmpp-core/0.6.3/jxmpp-core-0.6.3.jar:/Users/jimmy.dang/.m2/repository/org/jxmpp/jxmpp-util-cache/0.6.3/jxmpp-util-cache-0.6.3.jar:/Users/jimmy.dang/.m2/repository/org/jxmpp/jxmpp-jid/0.6.3/jxmpp-jid-0.6.3.jar:/Users/jimmy.dang/.m2/repository/org/minidns/minidns-core/0.3.3/minidns-core-0.3.3.jar:/Users/jimmy.dang/.m2/repository/org/igniterealtime/smack/smack-extensions/4.3.1/smack-extensions-4.3.1.jar:/Users/jimmy.dang/.m2/repository/org/igniterealtime/smack/smack-im/4.3.1/smack-im-4.3.1.jar:/Users/jimmy.dang/.m2/repository/org/igniterealtime/smack/smack-java7/4.3.1/smack-java7-4.3.1.jar:/Users/jimmy.dang/.m2/repository/org/igniterealtime/smack/smack-resolver-javax/4.3.1/smack-resolver-javax-4.3.1.jar:/Users/jimmy.dang/.m2/repository/org/igniterealtime/smack/smack-sasl-javax/4.3.1/smack-sasl-javax-4.3.1.jar:/Users/jimmy.dang/.m2/repository/org/nanohttpd/nanohttpd/2.3.1/nanohttpd-2.3.1.jar:/Users/jimmy.dang/.m2/repository/org/nanohttpd/nanohttpd-nanolets/2.3.1/nanohttpd-nanolets-2.3.1.jar:/Users/jimmy.dang/.m2/repository/org/junit/jupiter/junit-jupiter/5.8.2/junit-jupiter-5.8.2.jar:/Users/jimmy.dang/.m2/repository/org/junit/jupiter/junit-jupiter-api/5.8.2/junit-jupiter-api-5.8.2.jar:/Users/jimmy.dang/.m2/repository/org/opentest4j/opentest4j/1.2.0/opentest4j-1.2.0.jar:/Users/jimmy.dang/.m2/repository/org/junit/platform/junit-platform-commons/1.8.2/junit-platform-commons-1.8.2.jar:/Users/jimmy.dang/.m2/repository/org/apiguardian/apiguardian-api/1.1.2/apiguardian-api-1.1.2.jar:/Users/jimmy.dang/.m2/repository/org/junit/jupiter/junit-jupiter-params/5.8.2/junit-jupiter-params-5.8.2.jar:/Users/jimmy.dang/.m2/repository/org/junit/jupiter/junit-jupiter-engine/5.8.2/junit-jupiter-engine-5.8.2.jar:/Users/jimmy.dang/.m2/repository/org/junit/platform/junit-platform-engine/1.8.2/junit-platform-engine-1.8.2.jar:/Users/jimmy.dang/.m2/repository/mysql/mysql-connector-java/8.0.29/mysql-connector-java-8.0.29.jar:/Users/jimmy.dang/.m2/repository/com/google/protobuf/protobuf-java/3.19.4/protobuf-java-3.19.4.jar:/Users/jimmy.dang/.m2/repository/org/testcontainers/mysql/1.17.3/mysql-1.17.3.jar:/Users/jimmy.dang/.m2/repository/org/testcontainers/jdbc/1.17.3/jdbc-1.17.3.jar:/Users/jimmy.dang/.m2/repository/org/testcontainers/database-commons/1.17.3/database-commons-1.17.3.jar:/Users/jimmy.dang/.m2/repository/org/testcontainers/junit-jupiter/1.17.3/junit-jupiter-1.17.3.jar:/Users/jimmy.dang/.m2/repository/org/testcontainers/testcontainers/1.17.3/testcontainers-1.17.3.jar:/Users/jimmy.dang/.m2/repository/org/apache/commons/commons-compress/1.21/commons-compress-1.21.jar:/Users/jimmy.dang/.m2/repository/org/rnorth/duct-tape/duct-tape/1.0.8/duct-tape-1.0.8.jar:/Users/jimmy.dang/.m2/repository/org/jetbrains/annotations/17.0.0/annotations-17.0.0.jar:/Users/jimmy.dang/.m2/repository/com/github/docker-java/docker-java-api/3.2.13/docker-java-api-3.2.13.jar:/Users/jimmy.dang/.m2/repository/com/github/docker-java/docker-java-transport-zerodep/3.2.13/docker-java-transport-zerodep-3.2.13.jar:/Users/jimmy.dang/.m2/repository/com/github/docker-java/docker-java-transport/3.2.13/docker-java-transport-3.2.13.jar:/Users/jimmy.dang/.m2/repository/net/java/dev/jna/jna/5.8.0/jna-5.8.0.jar:/Users/jimmy.dang/.m2/repository/org/apache/commons/commons-lang3/3.8.1/commons-lang3-3.8.1.jar:/Users/jimmy.dang/.m2/repository/javax/servlet/servlet-api/2.5/servlet-api-2.5.jar:/Users/jimmy.dang/.m2/repository/org/microjpa/microjpa/1.2.1/microjpa-1.2.1.jar:/Users/jimmy.dang/.m2/repository/org/hibernate/orm/hibernate-entitymanager/6.0.0.Alpha7/hibernate-entitymanager-6.0.0.Alpha7.jar:/Users/jimmy.dang/.m2/repository/org/jboss/logging/jboss-logging/3.4.1.Final/jboss-logging-3.4.1.Final.jar:/Users/jimmy.dang/.m2/repository/org/hibernate/orm/hibernate-core/6.0.0.Alpha7/hibernate-core-6.0.0.Alpha7.jar:/Users/jimmy.dang/.m2/repository/org/antlr/antlr4/4.9.1/antlr4-4.9.1.jar:/Users/jimmy.dang/.m2/repository/org/antlr/antlr4-runtime/4.9.1/antlr4-runtime-4.9.1.jar:/Users/jimmy.dang/.m2/repository/org/antlr/antlr-runtime/3.5.2/antlr-runtime-3.5.2.jar:/Users/jimmy.dang/.m2/repository/org/antlr/ST4/4.3/ST4-4.3.jar:/Users/jimmy.dang/.m2/repository/org/abego/treelayout/org.abego.treelayout.core/1.0.3/org.abego.treelayout.core-1.0.3.jar:/Users/jimmy.dang/.m2/repository/org/glassfish/javax.json/1.0.4/javax.json-1.0.4.jar:/Users/jimmy.dang/.m2/repository/com/ibm/icu/icu4j/61.1/icu4j-61.1.jar:/Users/jimmy.dang/.m2/repository/org/jboss/jandex/2.2.3.Final/jandex-2.2.3.Final.jar:/Users/jimmy.dang/.m2/repository/com/fasterxml/classmate/1.5.1/classmate-1.5.1.jar:/Users/jimmy.dang/.m2/repository/javax/activation/javax.activation-api/1.2.0/javax.activation-api-1.2.0.jar:/Users/jimmy.dang/.m2/repository/javax/xml/bind/jaxb-api/2.3.1/jaxb-api-2.3.1.jar:/Users/jimmy.dang/.m2/repository/org/glassfish/jaxb/jaxb-runtime/2.3.1/jaxb-runtime-2.3.1.jar:/Users/jimmy.dang/.m2/repository/org/glassfish/jaxb/txw2/2.3.1/txw2-2.3.1.jar:/Users/jimmy.dang/.m2/repository/com/sun/istack/istack-commons-runtime/3.0.7/istack-commons-runtime-3.0.7.jar:/Users/jimmy.dang/.m2/repository/com/sun/xml/fastinfoset/FastInfoset/1.2.15/FastInfoset-1.2.15.jar:/Users/jimmy.dang/.m2/repository/org/dom4j/dom4j/2.1.3/dom4j-2.1.3.jar:/Users/jimmy.dang/.m2/repository/org/hibernate/common/hibernate-commons-annotations/5.1.2.Final/hibernate-commons-annotations-5.1.2.Final.jar:/Users/jimmy.dang/.m2/repository/javax/persistence/javax.persistence-api/2.2/javax.persistence-api-2.2.jar:/Users/jimmy.dang/.m2/repository/net/bytebuddy/byte-buddy/1.10.21/byte-buddy-1.10.21.jar:/Users/jimmy.dang/.m2/repository/org/jboss/spec/javax/transaction/jboss-transaction-api_1.2_spec/1.1.1.Final/jboss-transaction-api_1.2_spec-1.1.1.Final.jar:/Users/jimmy.dang/.m2/repository/org/apache/cxf/cxf-rt-frontend-jaxrs/3.5.3/cxf-rt-frontend-jaxrs-3.5.3.jar:/Users/jimmy.dang/.m2/repository/org/apache/cxf/cxf-core/3.5.3/cxf-core-3.5.3.jar:/Users/jimmy.dang/.m2/repository/com/fasterxml/woodstox/woodstox-core/6.2.8/woodstox-core-6.2.8.jar:/Users/jimmy.dang/.m2/repository/org/codehaus/woodstox/stax2-api/4.2.1/stax2-api-4.2.1.jar:/Users/jimmy.dang/.m2/repository/org/apache/ws/xmlschema/xmlschema-core/2.3.0/xmlschema-core-2.3.0.jar:/Users/jimmy.dang/.m2/repository/jakarta/xml/bind/jakarta.xml.bind-api/2.3.3/jakarta.xml.bind-api-2.3.3.jar:/Users/jimmy.dang/.m2/repository/jakarta/ws/rs/jakarta.ws.rs-api/2.1.6/jakarta.ws.rs-api-2.1.6.jar:/Users/jimmy.dang/.m2/repository/jakarta/annotation/jakarta.annotation-api/1.3.5/jakarta.annotation-api-1.3.5.jar:/Users/jimmy.dang/.m2/repository/org/apache/cxf/cxf-rt-transports-http/3.5.3/cxf-rt-transports-http-3.5.3.jar:/Users/jimmy.dang/.m2/repository/org/apache/cxf/cxf-rt-security/3.5.3/cxf-rt-security-3.5.3.jar:/Users/jimmy.dang/.m2/repository/jakarta/xml/ws/jakarta.xml.ws-api/2.3.3/jakarta.xml.ws-api-2.3.3.jar:/Users/jimmy.dang/.m2/repository/jakarta/jws/jakarta.jws-api/2.1.0/jakarta.jws-api-2.1.0.jar:/Users/jimmy.dang/.m2/repository/jakarta/xml/soap/jakarta.xml.soap-api/1.4.2/jakarta.xml.soap-api-1.4.2.jar:/Users/jimmy.dang/.m2/repository/jakarta/activation/jakarta.activation-api/1.2.2/jakarta.activation-api-1.2.2.jar:/Users/jimmy.dang/.m2/repository/com/sun/activation/jakarta.activation/1.2.2/jakarta.activation-1.2.2.jar:/Users/jimmy.dang/.m2/repository/com/sun/xml/messaging/saaj/saaj-impl/1.5.3/saaj-impl-1.5.3.jar:/Users/jimmy.dang/.m2/repository/org/jvnet/staxex/stax-ex/1.8.3/stax-ex-1.8.3.jar:/Users/jimmy.dang/.m2/repository/org/apache/geronimo/specs/geronimo-jta_1.1_spec/1.1.1/geronimo-jta_1.1_spec-1.1.1.jar:/Users/jimmy.dang/.m2/repository/org/apache/cxf/cxf-rt-transports-http-jetty/3.5.3/cxf-rt-transports-http-jetty-3.5.3.jar:/Users/jimmy.dang/.m2/repository/org/eclipse/jetty/jetty-util/9.4.48.v20220622/jetty-util-9.4.48.v20220622.jar:/Users/jimmy.dang/.m2/repository/org/eclipse/jetty/jetty-continuation/9.4.48.v20220622/jetty-continuation-9.4.48.v20220622.jar:/Users/jimmy.dang/.m2/repository/org/slf4j/slf4j-api/1.7.36/slf4j-api-1.7.36.jar:/Users/jimmy.dang/.m2/repository/com/fasterxml/jackson/jaxrs/jackson-jaxrs-json-provider/2.13.3/jackson-jaxrs-json-provider-2.13.3.jar:/Users/jimmy.dang/.m2/repository/com/fasterxml/jackson/jaxrs/jackson-jaxrs-base/2.13.3/jackson-jaxrs-base-2.13.3.jar:/Users/jimmy.dang/.m2/repository/com/fasterxml/jackson/core/jackson-core/2.13.3/jackson-core-2.13.3.jar:/Users/jimmy.dang/.m2/repository/com/fasterxml/jackson/core/jackson-databind/2.13.3/jackson-databind-2.13.3.jar:/Users/jimmy.dang/.m2/repository/com/fasterxml/jackson/module/jackson-module-jaxb-annotations/2.13.3/jackson-module-jaxb-annotations-2.13.3.jar:/Users/jimmy.dang/.m2/repository/com/fasterxml/jackson/core/jackson-annotations/2.13.3/jackson-annotations-2.13.3.jar:"/>
    <property name="java.vm.vendor" value="Homebrew"/>
    <property name="sun.arch.data.model" value="64"/>
    <property name="java.vendor.url" value="https://github.com/Homebrew/homebrew-core/issues"/>
    <property name="os.name" value="Mac OS X"/>
    <property name="java.vm.specification.version" value="18"/>
    <property name="sun.java.launcher" value="SUN_STANDARD"/>
    <property name="user.country" value="DE"/>
    <property name="sun.boot.library.path" value="/opt/homebrew/Cellar/openjdk/18.0.1.1/libexec/openjdk.jdk/Contents/Home/lib"/>
    <property name="sun.java.command" value="/Users/jimmy.dang/Desktop/ServletProjekt/servletProject/application/target/surefire/surefirebooter16841561229973749303.jar /Users/jimmy.dang/Desktop/ServletProjekt/servletProject/application/target/surefire 2022-08-16T11-13-18_601-jvmRun1 surefire739284634553322747tmp surefire_014883536537157864208tmp"/>
    <property name="http.nonProxyHosts" value="local|*.local|169.254/16|*.169.254/16"/>
    <property name="jdk.debug" value="release"/>
    <property name="surefire.test.class.path" value="/Users/jimmy.dang/Desktop/ServletProjekt/servletProject/application/target/test-classes:/Users/jimmy.dang/Desktop/ServletProjekt/servletProject/application/target/classes:/Users/jimmy.dang/Desktop/ServletProjekt/servletProject/domain/target/servletProject_domain.jar:/Users/jimmy.dang/.m2/repository/junit/junit/4.13.2/junit-4.13.2.jar:/Users/jimmy.dang/.m2/repository/org/hamcrest/hamcrest-core/1.3/hamcrest-core-1.3.jar:/Users/jimmy.dang/.m2/repository/org/eclipse/paho/org.eclipse.paho.client.mqttv3/1.2.0/org.eclipse.paho.client.mqttv3-1.2.0.jar:/Users/jimmy.dang/.m2/repository/org/eclipse/jetty/jetty-server/9.4.27.v20200227/jetty-server-9.4.27.v20200227.jar:/Users/jimmy.dang/.m2/repository/javax/servlet/javax.servlet-api/3.1.0/javax.servlet-api-3.1.0.jar:/Users/jimmy.dang/.m2/repository/org/eclipse/jetty/jetty-http/9.4.27.v20200227/jetty-http-9.4.27.v20200227.jar:/Users/jimmy.dang/.m2/repository/org/eclipse/jetty/jetty-io/9.4.27.v20200227/jetty-io-9.4.27.v20200227.jar:/Users/jimmy.dang/.m2/repository/org/eclipse/jetty/jetty-servlet/9.4.27.v20200227/jetty-servlet-9.4.27.v20200227.jar:/Users/jimmy.dang/.m2/repository/org/eclipse/jetty/jetty-security/9.4.27.v20200227/jetty-security-9.4.27.v20200227.jar:/Users/jimmy.dang/.m2/repository/org/eclipse/jetty/jetty-webapp/9.4.27.v20200227/jetty-webapp-9.4.27.v20200227.jar:/Users/jimmy.dang/.m2/repository/org/eclipse/jetty/jetty-xml/9.4.27.v20200227/jetty-xml-9.4.27.v20200227.jar:/Users/jimmy.dang/.m2/repository/org/apache/httpcomponents/httpclient/4.5.2/httpclient-4.5.2.jar:/Users/jimmy.dang/.m2/repository/org/apache/httpcomponents/httpcore/4.4.4/httpcore-4.4.4.jar:/Users/jimmy.dang/.m2/repository/commons-logging/commons-logging/1.2/commons-logging-1.2.jar:/Users/jimmy.dang/.m2/repository/commons-codec/commons-codec/1.9/commons-codec-1.9.jar:/Users/jimmy.dang/.m2/repository/commons-io/commons-io/2.6/commons-io-2.6.jar:/Users/jimmy.dang/.m2/repository/io/netty/netty-all/4.1.20.Final/netty-all-4.1.20.Final.jar:/Users/jimmy.dang/.m2/repository/org/apache/tomcat/tomcat-catalina/8.5.24/tomcat-catalina-8.5.24.jar:/Users/jimmy.dang/.m2/repository/org/apache/tomcat/tomcat-servlet-api/8.5.24/tomcat-servlet-api-8.5.24.jar:/Users/jimmy.dang/.m2/repository/org/apache/tomcat/tomcat-jsp-api/8.5.24/tomcat-jsp-api-8.5.24.jar:/Users/jimmy.dang/.m2/repository/org/apache/tomcat/tomcat-el-api/8.5.24/tomcat-el-api-8.5.24.jar:/Users/jimmy.dang/.m2/repository/org/apache/tomcat/tomcat-juli/8.5.24/tomcat-juli-8.5.24.jar:/Users/jimmy.dang/.m2/repository/org/apache/tomcat/tomcat-annotations-api/8.5.24/tomcat-annotations-api-8.5.24.jar:/Users/jimmy.dang/.m2/repository/org/apache/tomcat/tomcat-api/8.5.24/tomcat-api-8.5.24.jar:/Users/jimmy.dang/.m2/repository/org/apache/tomcat/tomcat-jni/8.5.24/tomcat-jni-8.5.24.jar:/Users/jimmy.dang/.m2/repository/org/apache/tomcat/tomcat-coyote/8.5.24/tomcat-coyote-8.5.24.jar:/Users/jimmy.dang/.m2/repository/org/apache/tomcat/tomcat-util/8.5.24/tomcat-util-8.5.24.jar:/Users/jimmy.dang/.m2/repository/org/apache/tomcat/tomcat-util-scan/8.5.24/tomcat-util-scan-8.5.24.jar:/Users/jimmy.dang/.m2/repository/org/apache/tomcat/tomcat-jaspic-api/8.5.24/tomcat-jaspic-api-8.5.24.jar:/Users/jimmy.dang/.m2/repository/org/igniterealtime/smack/smack-tcp/4.3.1/smack-tcp-4.3.1.jar:/Users/jimmy.dang/.m2/repository/org/igniterealtime/smack/smack-core/4.3.1/smack-core-4.3.1.jar:/Users/jimmy.dang/.m2/repository/xpp3/xpp3/1.1.4c/xpp3-1.1.4c.jar:/Users/jimmy.dang/.m2/repository/org/jxmpp/jxmpp-core/0.6.3/jxmpp-core-0.6.3.jar:/Users/jimmy.dang/.m2/repository/org/jxmpp/jxmpp-util-cache/0.6.3/jxmpp-util-cache-0.6.3.jar:/Users/jimmy.dang/.m2/repository/org/jxmpp/jxmpp-jid/0.6.3/jxmpp-jid-0.6.3.jar:/Users/jimmy.dang/.m2/repository/org/minidns/minidns-core/0.3.3/minidns-core-0.3.3.jar:/Users/jimmy.dang/.m2/repository/org/igniterealtime/smack/smack-extensions/4.3.1/smack-extensions-4.3.1.jar:/Users/jimmy.dang/.m2/repository/org/igniterealtime/smack/smack-im/4.3.1/smack-im-4.3.1.jar:/Users/jimmy.dang/.m2/repository/org/igniterealtime/smack/smack-java7/4.3.1/smack-java7-4.3.1.jar:/Users/jimmy.dang/.m2/repository/org/igniterealtime/smack/smack-resolver-javax/4.3.1/smack-resolver-javax-4.3.1.jar:/Users/jimmy.dang/.m2/repository/org/igniterealtime/smack/smack-sasl-javax/4.3.1/smack-sasl-javax-4.3.1.jar:/Users/jimmy.dang/.m2/repository/org/nanohttpd/nanohttpd/2.3.1/nanohttpd-2.3.1.jar:/Users/jimmy.dang/.m2/repository/org/nanohttpd/nanohttpd-nanolets/2.3.1/nanohttpd-nanolets-2.3.1.jar:/Users/jimmy.dang/.m2/repository/org/junit/jupiter/junit-jupiter/5.8.2/junit-jupiter-5.8.2.jar:/Users/jimmy.dang/.m2/repository/org/junit/jupiter/junit-jupiter-api/5.8.2/junit-jupiter-api-5.8.2.jar:/Users/jimmy.dang/.m2/repository/org/opentest4j/opentest4j/1.2.0/opentest4j-1.2.0.jar:/Users/jimmy.dang/.m2/repository/org/junit/platform/junit-platform-commons/1.8.2/junit-platform-commons-1.8.2.jar:/Users/jimmy.dang/.m2/repository/org/apiguardian/apiguardian-api/1.1.2/apiguardian-api-1.1.2.jar:/Users/jimmy.dang/.m2/repository/org/junit/jupiter/junit-jupiter-params/5.8.2/junit-jupiter-params-5.8.2.jar:/Users/jimmy.dang/.m2/repository/org/junit/jupiter/junit-jupiter-engine/5.8.2/junit-jupiter-engine-5.8.2.jar:/Users/jimmy.dang/.m2/repository/org/junit/platform/junit-platform-engine/1.8.2/junit-platform-engine-1.8.2.jar:/Users/jimmy.dang/.m2/repository/mysql/mysql-connector-java/8.0.29/mysql-connector-java-8.0.29.jar:/Users/jimmy.dang/.m2/repository/com/google/protobuf/protobuf-java/3.19.4/protobuf-java-3.19.4.jar:/Users/jimmy.dang/.m2/repository/org/testcontainers/mysql/1.17.3/mysql-1.17.3.jar:/Users/jimmy.dang/.m2/repository/org/testcontainers/jdbc/1.17.3/jdbc-1.17.3.jar:/Users/jimmy.dang/.m2/repository/org/testcontainers/database-commons/1.17.3/database-commons-1.17.3.jar:/Users/jimmy.dang/.m2/repository/org/testcontainers/junit-jupiter/1.17.3/junit-jupiter-1.17.3.jar:/Users/jimmy.dang/.m2/repository/org/testcontainers/testcontainers/1.17.3/testcontainers-1.17.3.jar:/Users/jimmy.dang/.m2/repository/org/apache/commons/commons-compress/1.21/commons-compress-1.21.jar:/Users/jimmy.dang/.m2/repository/org/rnorth/duct-tape/duct-tape/1.0.8/duct-tape-1.0.8.jar:/Users/jimmy.dang/.m2/repository/org/jetbrains/annotations/17.0.0/annotations-17.0.0.jar:/Users/jimmy.dang/.m2/repository/com/github/docker-java/docker-java-api/3.2.13/docker-java-api-3.2.13.jar:/Users/jimmy.dang/.m2/repository/com/github/docker-java/docker-java-transport-zerodep/3.2.13/docker-java-transport-zerodep-3.2.13.jar:/Users/jimmy.dang/.m2/repository/com/github/docker-java/docker-java-transport/3.2.13/docker-java-transport-3.2.13.jar:/Users/jimmy.dang/.m2/repository/net/java/dev/jna/jna/5.8.0/jna-5.8.0.jar:/Users/jimmy.dang/.m2/repository/org/apache/commons/commons-lang3/3.8.1/commons-lang3-3.8.1.jar:/Users/jimmy.dang/.m2/repository/javax/servlet/servlet-api/2.5/servlet-api-2.5.jar:/Users/jimmy.dang/.m2/repository/org/microjpa/microjpa/1.2.1/microjpa-1.2.1.jar:/Users/jimmy.dang/.m2/repository/org/hibernate/orm/hibernate-entitymanager/6.0.0.Alpha7/hibernate-entitymanager-6.0.0.Alpha7.jar:/Users/jimmy.dang/.m2/repository/org/jboss/logging/jboss-logging/3.4.1.Final/jboss-logging-3.4.1.Final.jar:/Users/jimmy.dang/.m2/repository/org/hibernate/orm/hibernate-core/6.0.0.Alpha7/hibernate-core-6.0.0.Alpha7.jar:/Users/jimmy.dang/.m2/repository/org/antlr/antlr4/4.9.1/antlr4-4.9.1.jar:/Users/jimmy.dang/.m2/repository/org/antlr/antlr4-runtime/4.9.1/antlr4-runtime-4.9.1.jar:/Users/jimmy.dang/.m2/repository/org/antlr/antlr-runtime/3.5.2/antlr-runtime-3.5.2.jar:/Users/jimmy.dang/.m2/repository/org/antlr/ST4/4.3/ST4-4.3.jar:/Users/jimmy.dang/.m2/repository/org/abego/treelayout/org.abego.treelayout.core/1.0.3/org.abego.treelayout.core-1.0.3.jar:/Users/jimmy.dang/.m2/repository/org/glassfish/javax.json/1.0.4/javax.json-1.0.4.jar:/Users/jimmy.dang/.m2/repository/com/ibm/icu/icu4j/61.1/icu4j-61.1.jar:/Users/jimmy.dang/.m2/repository/org/jboss/jandex/2.2.3.Final/jandex-2.2.3.Final.jar:/Users/jimmy.dang/.m2/repository/com/fasterxml/classmate/1.5.1/classmate-1.5.1.jar:/Users/jimmy.dang/.m2/repository/javax/activation/javax.activation-api/1.2.0/javax.activation-api-1.2.0.jar:/Users/jimmy.dang/.m2/repository/javax/xml/bind/jaxb-api/2.3.1/jaxb-api-2.3.1.jar:/Users/jimmy.dang/.m2/repository/org/glassfish/jaxb/jaxb-runtime/2.3.1/jaxb-runtime-2.3.1.jar:/Users/jimmy.dang/.m2/repository/org/glassfish/jaxb/txw2/2.3.1/txw2-2.3.1.jar:/Users/jimmy.dang/.m2/repository/com/sun/istack/istack-commons-runtime/3.0.7/istack-commons-runtime-3.0.7.jar:/Users/jimmy.dang/.m2/repository/com/sun/xml/fastinfoset/FastInfoset/1.2.15/FastInfoset-1.2.15.jar:/Users/jimmy.dang/.m2/repository/org/dom4j/dom4j/2.1.3/dom4j-2.1.3.jar:/Users/jimmy.dang/.m2/repository/org/hibernate/common/hibernate-commons-annotations/5.1.2.Final/hibernate-commons-annotations-5.1.2.Final.jar:/Users/jimmy.dang/.m2/repository/javax/persistence/javax.persistence-api/2.2/javax.persistence-api-2.2.jar:/Users/jimmy.dang/.m2/repository/net/bytebuddy/byte-buddy/1.10.21/byte-buddy-1.10.21.jar:/Users/jimmy.dang/.m2/repository/org/jboss/spec/javax/transaction/jboss-transaction-api_1.2_spec/1.1.1.Final/jboss-transaction-api_1.2_spec-1.1.1.Final.jar:/Users/jimmy.dang/.m2/repository/org/apache/cxf/cxf-rt-frontend-jaxrs/3.5.3/cxf-rt-frontend-jaxrs-3.5.3.jar:/Users/jimmy.dang/.m2/repository/org/apache/cxf/cxf-core/3.5.3/cxf-core-3.5.3.jar:/Users/jimmy.dang/.m2/repository/com/fasterxml/woodstox/woodstox-core/6.2.8/woodstox-core-6.2.8.jar:/Users/jimmy.dang/.m2/repository/org/codehaus/woodstox/stax2-api/4.2.1/stax2-api-4.2.1.jar:/Users/jimmy.dang/.m2/repository/org/apache/ws/xmlschema/xmlschema-core/2.3.0/xmlschema-core-2.3.0.jar:/Users/jimmy.dang/.m2/repository/jakarta/xml/bind/jakarta.xml.bind-api/2.3.3/jakarta.xml.bind-api-2.3.3.jar:/Users/jimmy.dang/.m2/repository/jakarta/ws/rs/jakarta.ws.rs-api/2.1.6/jakarta.ws.rs-api-2.1.6.jar:/Users/jimmy.dang/.m2/repository/jakarta/annotation/jakarta.annotation-api/1.3.5/jakarta.annotation-api-1.3.5.jar:/Users/jimmy.dang/.m2/repository/org/apache/cxf/cxf-rt-transports-http/3.5.3/cxf-rt-transports-http-3.5.3.jar:/Users/jimmy.dang/.m2/repository/org/apache/cxf/cxf-rt-security/3.5.3/cxf-rt-security-3.5.3.jar:/Users/jimmy.dang/.m2/repository/jakarta/xml/ws/jakarta.xml.ws-api/2.3.3/jakarta.xml.ws-api-2.3.3.jar:/Users/jimmy.dang/.m2/repository/jakarta/jws/jakarta.jws-api/2.1.0/jakarta.jws-api-2.1.0.jar:/Users/jimmy.dang/.m2/repository/jakarta/xml/soap/jakarta.xml.soap-api/1.4.2/jakarta.xml.soap-api-1.4.2.jar:/Users/jimmy.dang/.m2/repository/jakarta/activation/jakarta.activation-api/1.2.2/jakarta.activation-api-1.2.2.jar:/Users/jimmy.dang/.m2/repository/com/sun/activation/jakarta.activation/1.2.2/jakarta.activation-1.2.2.jar:/Users/jimmy.dang/.m2/repository/com/sun/xml/messaging/saaj/saaj-impl/1.5.3/saaj-impl-1.5.3.jar:/Users/jimmy.dang/.m2/repository/org/jvnet/staxex/stax-ex/1.8.3/stax-ex-1.8.3.jar:/Users/jimmy.dang/.m2/repository/org/apache/geronimo/specs/geronimo-jta_1.1_spec/1.1.1/geronimo-jta_1.1_spec-1.1.1.jar:/Users/jimmy.dang/.m2/repository/org/apache/cxf/cxf-rt-transports-http-jetty/3.5.3/cxf-rt-transports-http-jetty-3.5.3.jar:/Users/jimmy.dang/.m2/repository/org/eclipse/jetty/jetty-util/9.4.48.v20220622/jetty-util-9.4.48.v20220622.jar:/Users/jimmy.dang/.m2/repository/org/eclipse/jetty/jetty-continuation/9.4.48.v20220622/jetty-continuation-9.4.48.v20220622.jar:/Users/jimmy.dang/.m2/repository/org/slf4j/slf4j-api/1.7.36/slf4j-api-1.7.36.jar:/Users/jimmy.dang/.m2/repository/com/fasterxml/jackson/jaxrs/jackson-jaxrs-json-provider/2.13.3/jackson-jaxrs-json-provider-2.13.3.jar:/Users/jimmy.dang/.m2/repository/com/fasterxml/jackson/jaxrs/jackson-jaxrs-base/2.13.3/jackson-jaxrs-base-2.13.3.jar:/Users/jimmy.dang/.m2/repository/com/fasterxml/jackson/core/jackson-core/2.13.3/jackson-core-2.13.3.jar:/Users/jimmy.dang/.m2/repository/com/fasterxml/jackson/core/jackson-databind/2.13.3/jackson-databind-2.13.3.jar:/Users/jimmy.dang/.m2/repository/com/fasterxml/jackson/module/jackson-module-jaxb-annotations/2.13.3/jackson-module-jaxb-annotations-2.13.3.jar:/Users/jimmy.dang/.m2/repository/com/fasterxml/jackson/core/jackson-annotations/2.13.3/jackson-annotations-2.13.3.jar:"/>
    <property name="sun.cpu.endian" value="little"/>
    <property name="user.home" value="/Users/jimmy.dang"/>
    <property name="user.language" value="de"/>
    <property name="java.specification.vendor" value="Oracle Corporation"/>
    <property name="java.version.date" value="2022-04-22"/>
    <property name="java.home" value="/opt/homebrew/Cellar/openjdk/18.0.1.1/libexec/openjdk.jdk/Contents/Home"/>
    <property name="file.separator" value="/"/>
    <property name="basedir" value="/Users/jimmy.dang/Desktop/ServletProjekt/servletProject/application"/>
    <property name="java.vm.compressedOopsMode" value="Zero based"/>
    <property name="line.separator" value="&#10;"/>
    <property name="java.vm.specification.vendor" value="Oracle Corporation"/>
    <property name="java.specification.name" value="Java Platform API Specification"/>
    <property name="apple.awt.application.name" value="ForkedBooter"/>
    <property name="surefire.real.class.path" value="/Users/jimmy.dang/Desktop/ServletProjekt/servletProject/application/target/surefire/surefirebooter16841561229973749303.jar"/>
    <property name="sun.management.compiler" value="HotSpot 64-Bit Tiered Compilers"/>
    <property name="ftp.nonProxyHosts" value="local|*.local|169.254/16|*.169.254/16"/>
    <property name="java.runtime.version" value="18.0.1.1+0"/>
    <property name="user.name" value="jimmy.dang"/>
    <property name="path.separator" value=":"/>
    <property name="os.version" value="12.5"/>
    <property name="java.runtime.name" value="OpenJDK Runtime Environment"/>
    <property name="file.encoding" value="UTF-8"/>
    <property name="java.vm.name" value="OpenJDK 64-Bit Server VM"/>
    <property name="java.vendor.version" value="Homebrew"/>
    <property name="localRepository" value="/Users/jimmy.dang/.m2/repository"/>
    <property name="java.vendor.url.bug" value="https://github.com/Homebrew/homebrew-core/issues"/>
    <property name="java.io.tmpdir" value="/var/folders/kx/70csy7vx63b9p067_z6q208m0000gp/T/"/>
    <property name="java.version" value="18.0.1.1"/>
    <property name="user.dir" value="/Users/jimmy.dang/Desktop/ServletProjekt/servletProject/application"/>
    <property name="os.arch" value="aarch64"/>
    <property name="java.vm.specification.name" value="Java Virtual Machine Specification"/>
    <property name="native.encoding" value="UTF-8"/>
    <property name="java.library.path" value="/Users/jimmy.dang/Library/Java/Extensions:/Library/Java/Extensions:/Network/Library/Java/Extensions:/System/Library/Java/Extensions:/usr/lib/java:."/>
    <property name="java.vm.info" value="mixed mode, sharing"/>
    <property name="java.vendor" value="Homebrew"/>
    <property name="java.vm.version" value="18.0.1.1+0"/>
    <property name="sun.io.unicode.encoding" value="UnicodeBig"/>
    <property name="socksNonProxyHosts" value="local|*.local|169.254/16|*.169.254/16"/>
    <property name="java.class.version" value="62.0"/>
  </properties>
  <testcase name="readClient" classname="de.openknowledge.ReadClientTest" time="0.447"/>
</testsuite>